<?xml version="1.0" encoding="UTF-8"?>
<!-- Generated by org.testng.reporters.JUnitReportReporter -->
<testsuite hostname="jaya-manesh" failures="0" tests="1" name="testNGImplementation.CreateAndDuplicateLeadTest" time="13.336" errors="0" timestamp="2024-07-31T09:51:02 IST" skipped="0">
  <testcase classname="testNGImplementation.CreateAndDuplicateLeadTest" name="createAndDuplicateLeadTest" time="13.336"/>
  <system-out/>
</testsuite> <!-- testNGImplementation.CreateAndDuplicateLeadTest -->
