<?xml version="1.0" encoding="UTF-8"?>
<!-- Generated by org.testng.reporters.JUnitReportReporter -->
<testsuite hostname="jaya-manesh" failures="0" tests="4" name="testng.InvocationCount" time="0.010" errors="0" timestamp="2024-07-26T10:32:43 IST" skipped="0">
  <testcase classname="testng.InvocationCount" name="demo3" time="0.001"/>
  <system-out>
    <![CDATA[demo3]]>
  </system-out>
  <testcase classname="testng.InvocationCount" name="demo2" time="0.008"/>
  <system-out>
    <![CDATA[demo2]]>
  </system-out>
  <testcase classname="testng.InvocationCount" name="demo2" time="0.000"/>
  <system-out>
    <![CDATA[demo2]]>
  </system-out>
  <testcase classname="testng.InvocationCount" name="demo2" time="0.001"/>
  <system-out>
    <![CDATA[demo2]]>
  </system-out>
</testsuite> <!-- testng.InvocationCount -->
