<?xml version="1.0" encoding="UTF-8"?>
<!-- Generated by org.testng.reporters.JUnitReportReporter -->
<testsuite hostname="jaya-manesh" failures="0" tests="1" name="additionalScenarios.FlipkartValidateTotalItemsTest" time="150.428" errors="0" timestamp="2024-08-07T09:30:39 IST" skipped="0">
  <testcase classname="additionalScenarios.FlipkartValidateTotalItemsTest" name="validateTotalItemsTest" time="150.428"/>
  <system-out/>
</testsuite> <!-- additionalScenarios.FlipkartValidateTotalItemsTest -->
