<?xml version="1.0" encoding="UTF-8"?>
<!-- Generated by org.testng.reporters.JUnitReportReporter -->
<testsuite hostname="jaya-manesh" failures="0" tests="1" name="listners.TestClass" time="0.010" errors="0" timestamp="2024-08-01T10:18:20 IST" skipped="0">
  <testcase classname="listners.TestClass" name="demo" time="0.010"/>
  <system-out/>
</testsuite> <!-- listners.TestClass -->
